info it worked if it ends with ok
verbose cli [ 'node', '/usr/bin/npm', 'install' ]
info using npm@1.1.4
info using node@v0.6.12
verbose config file /root/.npmrc
verbose config file /usr/etc/npmrc
verbose config file /usr/share/npm/npmrc
verbose caching /root/home/urqa/Frontend-Node/Frontend-Node/urqa-frontend/package.json
verbose loadDefaults urqa-frontend@0.0.0
verbose readDependencies: using package.json deps
verbose where, deps [ '/root/home/urqa/Frontend-Node/Frontend-Node/urqa-frontend',
verbose where, deps   [ 'body-parser',
verbose where, deps     'cookie-parser',
verbose where, deps     'debug',
verbose where, deps     'express',
verbose where, deps     'jade',
verbose where, deps     'morgan',
verbose where, deps     'serve-favicon' ] ]
verbose from cache /root/home/urqa/Frontend-Node/Frontend-Node/urqa-frontend/package.json
info preinstall urqa-frontend@0.0.0
verbose from cache /root/home/urqa/Frontend-Node/Frontend-Node/urqa-frontend/package.json
verbose readDependencies: using package.json deps
verbose cache add [ 'body-parser@~1.10.2', null ]
silly cache add: name, spec, args [ undefined,
silly cache add: name, spec, args   'body-parser@~1.10.2',
silly cache add: name, spec, args   [ 'body-parser@~1.10.2', null ] ]
verbose parsed url { pathname: 'body-parser@~1.10.2',
verbose parsed url   path: 'body-parser@~1.10.2',
verbose parsed url   href: 'body-parser@~1.10.2' }
silly cache add: name, spec, args [ 'body-parser', '~1.10.2', [ 'body-parser', '~1.10.2' ] ]
verbose parsed url { pathname: '~1.10.2', path: '~1.10.2', href: '~1.10.2' }
verbose addNamed [ 'body-parser', '~1.10.2' ]
verbose addNamed [ null, '>=1.10.2- <1.11.0-' ]
silly name, range, hasData [ 'body-parser', '>=1.10.2- <1.11.0-', false ]
verbose raw, before any munging body-parser
verbose url resolving [ 'http://registry.npmjs.org/', './body-parser' ]
verbose url resolved http://registry.npmjs.org/body-parser
http GET http://registry.npmjs.org/body-parser
verbose cache add [ 'cookie-parser@~1.3.3', null ]
silly cache add: name, spec, args [ undefined,
silly cache add: name, spec, args   'cookie-parser@~1.3.3',
silly cache add: name, spec, args   [ 'cookie-parser@~1.3.3', null ] ]
verbose parsed url { pathname: 'cookie-parser@~1.3.3',
verbose parsed url   path: 'cookie-parser@~1.3.3',
verbose parsed url   href: 'cookie-parser@~1.3.3' }
silly cache add: name, spec, args [ 'cookie-parser', '~1.3.3', [ 'cookie-parser', '~1.3.3' ] ]
verbose parsed url { pathname: '~1.3.3', path: '~1.3.3', href: '~1.3.3' }
verbose addNamed [ 'cookie-parser', '~1.3.3' ]
verbose addNamed [ null, '>=1.3.3- <1.4.0-' ]
silly name, range, hasData [ 'cookie-parser', '>=1.3.3- <1.4.0-', false ]
verbose cache add [ 'debug@~2.1.1', null ]
silly cache add: name, spec, args [ undefined, 'debug@~2.1.1', [ 'debug@~2.1.1', null ] ]
verbose parsed url { pathname: 'debug@~2.1.1',
verbose parsed url   path: 'debug@~2.1.1',
verbose parsed url   href: 'debug@~2.1.1' }
silly cache add: name, spec, args [ 'debug', '~2.1.1', [ 'debug', '~2.1.1' ] ]
verbose parsed url { pathname: '~2.1.1', path: '~2.1.1', href: '~2.1.1' }
verbose addNamed [ 'debug', '~2.1.1' ]
verbose addNamed [ null, '>=2.1.1- <2.2.0-' ]
silly name, range, hasData [ 'debug', '>=2.1.1- <2.2.0-', false ]
verbose cache add [ 'express@~4.11.1', null ]
silly cache add: name, spec, args [ undefined, 'express@~4.11.1', [ 'express@~4.11.1', null ] ]
verbose parsed url { pathname: 'express@~4.11.1',
verbose parsed url   path: 'express@~4.11.1',
verbose parsed url   href: 'express@~4.11.1' }
silly cache add: name, spec, args [ 'express', '~4.11.1', [ 'express', '~4.11.1' ] ]
verbose parsed url { pathname: '~4.11.1', path: '~4.11.1', href: '~4.11.1' }
verbose addNamed [ 'express', '~4.11.1' ]
verbose addNamed [ null, '>=4.11.1- <4.12.0-' ]
silly name, range, hasData [ 'express', '>=4.11.1- <4.12.0-', false ]
verbose cache add [ 'jade@~1.9.1', null ]
silly cache add: name, spec, args [ undefined, 'jade@~1.9.1', [ 'jade@~1.9.1', null ] ]
verbose parsed url { pathname: 'jade@~1.9.1',
verbose parsed url   path: 'jade@~1.9.1',
verbose parsed url   href: 'jade@~1.9.1' }
silly cache add: name, spec, args [ 'jade', '~1.9.1', [ 'jade', '~1.9.1' ] ]
verbose parsed url { pathname: '~1.9.1', path: '~1.9.1', href: '~1.9.1' }
verbose addNamed [ 'jade', '~1.9.1' ]
verbose addNamed [ null, '>=1.9.1- <1.10.0-' ]
silly name, range, hasData [ 'jade', '>=1.9.1- <1.10.0-', false ]
verbose cache add [ 'morgan@~1.5.1', null ]
silly cache add: name, spec, args [ undefined, 'morgan@~1.5.1', [ 'morgan@~1.5.1', null ] ]
verbose parsed url { pathname: 'morgan@~1.5.1',
verbose parsed url   path: 'morgan@~1.5.1',
verbose parsed url   href: 'morgan@~1.5.1' }
silly cache add: name, spec, args [ 'morgan', '~1.5.1', [ 'morgan', '~1.5.1' ] ]
verbose parsed url { pathname: '~1.5.1', path: '~1.5.1', href: '~1.5.1' }
verbose addNamed [ 'morgan', '~1.5.1' ]
verbose addNamed [ null, '>=1.5.1- <1.6.0-' ]
silly name, range, hasData [ 'morgan', '>=1.5.1- <1.6.0-', false ]
verbose cache add [ 'serve-favicon@~2.2.0', null ]
silly cache add: name, spec, args [ undefined,
silly cache add: name, spec, args   'serve-favicon@~2.2.0',
silly cache add: name, spec, args   [ 'serve-favicon@~2.2.0', null ] ]
verbose parsed url { pathname: 'serve-favicon@~2.2.0',
verbose parsed url   path: 'serve-favicon@~2.2.0',
verbose parsed url   href: 'serve-favicon@~2.2.0' }
silly cache add: name, spec, args [ 'serve-favicon', '~2.2.0', [ 'serve-favicon', '~2.2.0' ] ]
verbose parsed url { pathname: '~2.2.0', path: '~2.2.0', href: '~2.2.0' }
verbose addNamed [ 'serve-favicon', '~2.2.0' ]
verbose addNamed [ null, '>=2.2.0- <2.3.0-' ]
silly name, range, hasData [ 'serve-favicon', '>=2.2.0- <2.3.0-', false ]
verbose raw, before any munging cookie-parser
verbose url resolving [ 'http://registry.npmjs.org/', './cookie-parser' ]
verbose url resolved http://registry.npmjs.org/cookie-parser
http GET http://registry.npmjs.org/cookie-parser
verbose raw, before any munging express
verbose url resolving [ 'http://registry.npmjs.org/', './express' ]
verbose url resolved http://registry.npmjs.org/express
http GET http://registry.npmjs.org/express
verbose raw, before any munging debug
verbose url resolving [ 'http://registry.npmjs.org/', './debug' ]
verbose url resolved http://registry.npmjs.org/debug
http GET http://registry.npmjs.org/debug
verbose raw, before any munging jade
verbose url resolving [ 'http://registry.npmjs.org/', './jade' ]
verbose url resolved http://registry.npmjs.org/jade
http GET http://registry.npmjs.org/jade
verbose raw, before any munging morgan
verbose url resolving [ 'http://registry.npmjs.org/', './morgan' ]
verbose url resolved http://registry.npmjs.org/morgan
http GET http://registry.npmjs.org/morgan
verbose raw, before any munging serve-favicon
verbose url resolving [ 'http://registry.npmjs.org/', './serve-favicon' ]
verbose url resolved http://registry.npmjs.org/serve-favicon
http GET http://registry.npmjs.org/serve-favicon
http 200 http://registry.npmjs.org/cookie-parser
silly get cb [ 200,
silly get cb   { server: 'CouchDB/1.5.0 (Erlang OTP/R16B03)',
silly get cb     etag: '"DNWOLCWH6VGQO2BX5RUVRKF7L"',
silly get cb     'content-type': 'application/json',
silly get cb     'cache-control': 'max-age=60',
silly get cb     'content-length': '17180',
silly get cb     'accept-ranges': 'bytes',
silly get cb     date: 'Sat, 06 Jun 2015 15:10:03 GMT',
silly get cb     via: '1.1 varnish',
silly get cb     age: '47',
silly get cb     connection: 'keep-alive',
silly get cb     'x-served-by': 'cache-nrt6121-NRT',
silly get cb     'x-cache': 'HIT',
silly get cb     'x-cache-hits': '1',
silly get cb     'x-timer': 'S1433603403.325574,VS0,VE0',
silly get cb     vary: 'Accept' } ]
verbose mkdir (expected) error ENOENT, no such file or directory '/root/.npm'
verbose mkdir (expected) error ENOENT, no such file or directory '/root/.npm/cookie-parser'
verbose mkdir done: /root/.npm/cookie-parser 755
silly name, range, hasData 2 [ 'cookie-parser', '>=1.3.3- <1.4.0-', true ]
silly versions [ 'cookie-parser', [] ]
ERR! Error: No compatible version found: cookie-parser@'>=1.3.3- <1.4.0-'
ERR! No valid targets found.
ERR! Perhaps not compatible with your version of node?
ERR!     at installTargetsError (/usr/share/npm/lib/cache.js:488:10)
ERR!     at next_ (/usr/share/npm/lib/cache.js:438:17)
ERR!     at next (/usr/share/npm/lib/cache.js:415:44)
ERR!     at /usr/share/npm/lib/cache.js:408:5
ERR!     at saved (/usr/share/npm/lib/utils/npm-registry-client/get.js:147:7)
ERR!     at Object.oncomplete (/usr/lib/nodejs/graceful-fs.js:230:7)
ERR! You may report this log at:
ERR!     <http://bugs.debian.org/npm>
ERR! or use
ERR!     reportbug --attach /root/home/urqa/Frontend-Node/Frontend-Node/urqa-frontend/npm-debug.log npm
ERR! 
ERR! System Linux 3.2.0-70-generic
ERR! command "node" "/usr/bin/npm" "install"
ERR! cwd /root/home/urqa/Frontend-Node/Frontend-Node/urqa-frontend
ERR! node -v v0.6.12
ERR! npm -v 1.1.4
ERR! message No compatible version found: cookie-parser@'>=1.3.3- <1.4.0-'
ERR! message No valid targets found.
ERR! message Perhaps not compatible with your version of node?
verbose exit [ 1, true ]
